[     545ms] [WARNING] [WARNING] initialize, will use legacy RC API. Consider enabling new API during init with use_explicit_rc_api flag @ https://dep176.gsf.netease.com/hubble-to-countly/1.1.1/js-sdk/assets/countly.min.js:0
[     546ms] [INFO] [INFO] initialize, Countly initialized @ https://dep176.gsf.netease.com/hubble-to-countly/1.1.1/js-sdk/assets/countly.min.js:0
[     546ms] [INFO] [INFO] initialize, Generating the device ID @ https://dep176.gsf.netease.com/hubble-to-countly/1.1.1/js-sdk/assets/countly.min.js:0
[     547ms] [INFO] [INFO] check_consent, Checking if consent is given for specific feature:[location] @ https://dep176.gsf.netease.com/hubble-to-countly/1.1.1/js-sdk/assets/countly.min.js:0
[     547ms] [INFO] [INFO] check_consent, require_consent is off, no consent is necessary @ https://dep176.gsf.netease.com/hubble-to-countly/1.1.1/js-sdk/assets/countly.min.js:0
[     548ms] [INFO] [INFO] add_event, Adding event: {"key":"tech_hubble_to_countly_pv","segmentation":{}} @ https://dep176.gsf.netease.com/hubble-to-countly/1.1.1/js-sdk/assets/countly.min.js:0
[     548ms] [INFO] [INFO] check_consent, Checking if consent is given for specific feature:[events] @ https://dep176.gsf.netease.com/hubble-to-countly/1.1.1/js-sdk/assets/countly.min.js:0
[     548ms] [INFO] [INFO] check_consent, require_consent is off, no consent is necessary @ https://dep176.gsf.netease.com/hubble-to-countly/1.1.1/js-sdk/assets/countly.min.js:0
[     549ms] [INFO] [INFO]  With event ID: [d6f4e2291777360882703], successfully adding the last event:{"key":"tech_hubble_to_countly_pv","count":1,"segmentation":{},"timestamp":1777360882703,"hour":15,"dow":2,"id":"d6f4e2291777360882703","cvid":""} @ https://dep176.gsf.netease.com/hubble-to-countly/1.1.1/js-sdk/assets/countly.min.js:0
[     550ms] [INFO] [INFO] track_session, Starting tracking user session @ https://dep176.gsf.netease.com/hubble-to-countly/1.1.1/js-sdk/assets/countly.min.js:0
[     551ms] [INFO] [INFO] begin_session, Starting the session. There was an ongoing session: [false] @ https://dep176.gsf.netease.com/hubble-to-countly/1.1.1/js-sdk/assets/countly.min.js:0
[     551ms] [INFO] [INFO] check_consent, Checking if consent is given for specific feature:[sessions] @ https://dep176.gsf.netease.com/hubble-to-countly/1.1.1/js-sdk/assets/countly.min.js:0
[     551ms] [INFO] [INFO] check_consent, require_consent is off, no consent is necessary @ https://dep176.gsf.netease.com/hubble-to-countly/1.1.1/js-sdk/assets/countly.min.js:0
[     551ms] [INFO] [INFO] report_orientation, Reporting orientation @ https://dep176.gsf.netease.com/hubble-to-countly/1.1.1/js-sdk/assets/countly.min.js:0
[     551ms] [INFO] [INFO] check_consent, Checking if consent is given for specific feature:[users] @ https://dep176.gsf.netease.com/hubble-to-countly/1.1.1/js-sdk/assets/countly.min.js:0
[     551ms] [INFO] [INFO] check_consent, require_consent is off, no consent is necessary @ https://dep176.gsf.netease.com/hubble-to-countly/1.1.1/js-sdk/assets/countly.min.js:0
[     551ms] [INFO] [INFO]  With event ID: [d8b24e6f1777360882706], successfully adding the last event:{"key":"[CLY]_orientation","count":1,"segmentation":{"mode":"landscape"},"timestamp":1777360882706,"hour":15,"dow":2,"id":"d8b24e6f1777360882706","cvid":""} @ https://dep176.gsf.netease.com/hubble-to-countly/1.1.1/js-sdk/assets/countly.min.js:0
[     552ms] [LOG] [VERBOSE] begin_session, Session state, forced: [undefined], useSessionCookie: [true], seconds to expire: [-1777360882], expired: [false]  @ https://dep176.gsf.netease.com/hubble-to-countly/1.1.1/js-sdk/assets/countly.min.js:0
[     552ms] [INFO] [INFO] begin_session, Session started @ https://dep176.gsf.netease.com/hubble-to-countly/1.1.1/js-sdk/assets/countly.min.js:0
[     552ms] [INFO] [INFO] check_consent, Checking if consent is given for specific feature:[location] @ https://dep176.gsf.netease.com/hubble-to-countly/1.1.1/js-sdk/assets/countly.min.js:0
[     552ms] [INFO] [INFO] check_consent, require_consent is off, no consent is necessary @ https://dep176.gsf.netease.com/hubble-to-countly/1.1.1/js-sdk/assets/countly.min.js:0
[     553ms] [INFO] [INFO] start_time, Starting tracking duration @ https://dep176.gsf.netease.com/hubble-to-countly/1.1.1/js-sdk/assets/countly.min.js:0
[     553ms] [INFO] [INFO] track_pageview, Tracking page views @ https://dep176.gsf.netease.com/hubble-to-countly/1.1.1/js-sdk/assets/countly.min.js:0
[     553ms] [LOG] [VERBOSE] track_pageview, last view is:[null], current view ID is:[null], previous view ID is:[null] @ https://dep176.gsf.netease.com/hubble-to-countly/1.1.1/js-sdk/assets/countly.min.js:0
[     554ms] [LOG] [VERBOSE] track_pageview, last view is assigned:[/position], current view ID is:[5ed839051777360882708], previous view ID is:[null] @ https://dep176.gsf.netease.com/hubble-to-countly/1.1.1/js-sdk/assets/countly.min.js:0
[     554ms] [INFO] [INFO] check_consent, Checking if consent is given for specific feature:[views] @ https://dep176.gsf.netease.com/hubble-to-countly/1.1.1/js-sdk/assets/countly.min.js:0
[     554ms] [INFO] [INFO] check_consent, require_consent is off, no consent is necessary @ https://dep176.gsf.netease.com/hubble-to-countly/1.1.1/js-sdk/assets/countly.min.js:0
[     554ms] [INFO] [INFO]  With event ID: [5ed839051777360882708], successfully adding the last event:{"key":"[CLY]_view","count":1,"segmentation":{"name":"/position","visit":1,"view":"/position","domain":"campus.game.163.com","start":1},"timestamp":1777360882708,"hour":15,"dow":2,"id":"5ed839051777360882708","pvid":""} @ https://dep176.gsf.netease.com/hubble-to-countly/1.1.1/js-sdk/assets/countly.min.js:0
[     554ms] [INFO] [INFO] track_clicks, Starting to track clicks @ https://dep176.gsf.netease.com/hubble-to-countly/1.1.1/js-sdk/assets/countly.min.js:0
[     554ms] [INFO] [INFO] track_scrolls, Starting to track scrolls @ https://dep176.gsf.netease.com/hubble-to-countly/1.1.1/js-sdk/assets/countly.min.js:0
[     554ms] [INFO] [INFO] track_errors, Started tracking errors @ https://dep176.gsf.netease.com/hubble-to-countly/1.1.1/js-sdk/assets/countly.min.js:0
[     555ms] [INFO] [INFO] track_links, Starting to track clicks to links @ https://dep176.gsf.netease.com/hubble-to-countly/1.1.1/js-sdk/assets/countly.min.js:0
[     555ms] [INFO] [INFO] track_forms, Starting to track form submissions. DOM object provided:[false] Tracking hidden inputs :[false] @ https://dep176.gsf.netease.com/hubble-to-countly/1.1.1/js-sdk/assets/countly.min.js:0
[     555ms] [INFO] [INFO] collect_from_forms, Starting to collect possible user data. DOM object provided:[false] Submitting custom user property:[false] @ https://dep176.gsf.netease.com/hubble-to-countly/1.1.1/js-sdk/assets/countly.min.js:0
[     555ms] [INFO] [INFO] check_consent, Checking if consent is given for specific feature:[location] @ https://dep176.gsf.netease.com/hubble-to-countly/1.1.1/js-sdk/assets/countly.min.js:0
[     555ms] [INFO] [INFO] check_consent, require_consent is off, no consent is necessary @ https://dep176.gsf.netease.com/hubble-to-countly/1.1.1/js-sdk/assets/countly.min.js:0
[     805ms] [INFO] [INFO] healthCheck, Request was successful. Status: [{"result":"Success"}], response: [undefined] @ https://dep176.gsf.netease.com/hubble-to-countly/1.1.1/js-sdk/assets/countly.min.js:0
[    1109ms] [INFO] [INFO] start_time, Starting tracking duration @ https://dep176.gsf.netease.com/hubble-to-countly/1.1.1/js-sdk/assets/countly.min.js:0
[    5993ms] [INFO] [INFO] check_consent, Checking if consent is given for specific feature:[clicks] @ https://dep176.gsf.netease.com/hubble-to-countly/1.1.1/js-sdk/assets/countly.min.js:0
[    5993ms] [INFO] [INFO] check_consent, require_consent is off, no consent is necessary @ https://dep176.gsf.netease.com/hubble-to-countly/1.1.1/js-sdk/assets/countly.min.js:0
[    5993ms] [INFO] [INFO]  With event ID: [d49fca7a1777360888148], successfully adding the last event:{"key":"[CLY]_action","count":1,"segmentation":{"type":"click","x":401,"y":488,"width":1280,"height":2062,"view":"/position","domain":"campus.game.163.com"},"timestamp":1777360888148,"hour":15,"dow":2,"id":"d49fca7a1777360888148","cvid":"5ed839051777360882708"} @ https://dep176.gsf.netease.com/hubble-to-countly/1.1.1/js-sdk/assets/countly.min.js:0
[    6268ms] [INFO] [INFO] check_consent, Checking if consent is given for specific feature:[location] @ https://dep176.gsf.netease.com/hubble-to-countly/1.1.1/js-sdk/assets/countly.min.js:0
[    6269ms] [INFO] [INFO] check_consent, require_consent is off, no consent is necessary @ https://dep176.gsf.netease.com/hubble-to-countly/1.1.1/js-sdk/assets/countly.min.js:0
