[     706ms] [WARNING] [WARNING] initialize, will use legacy RC API. Consider enabling new API during init with use_explicit_rc_api flag @ https://dep176.gsf.netease.com/hubble-to-countly/1.1.1/js-sdk/assets/countly.min.js:0
[     706ms] [INFO] [INFO] initialize, Countly initialized @ https://dep176.gsf.netease.com/hubble-to-countly/1.1.1/js-sdk/assets/countly.min.js:0
[     706ms] [INFO] [INFO] initialize, Set the stored device ID @ https://dep176.gsf.netease.com/hubble-to-countly/1.1.1/js-sdk/assets/countly.min.js:0
[     706ms] [INFO] [INFO] check_consent, Checking if consent is given for specific feature:[location] @ https://dep176.gsf.netease.com/hubble-to-countly/1.1.1/js-sdk/assets/countly.min.js:0
[     707ms] [INFO] [INFO] check_consent, require_consent is off, no consent is necessary @ https://dep176.gsf.netease.com/hubble-to-countly/1.1.1/js-sdk/assets/countly.min.js:0
[     707ms] [INFO] [INFO] add_event, Adding event: {"key":"tech_hubble_to_countly_pv","segmentation":{}} @ https://dep176.gsf.netease.com/hubble-to-countly/1.1.1/js-sdk/assets/countly.min.js:0
[     707ms] [INFO] [INFO] check_consent, Checking if consent is given for specific feature:[events] @ https://dep176.gsf.netease.com/hubble-to-countly/1.1.1/js-sdk/assets/countly.min.js:0
[     707ms] [INFO] [INFO] check_consent, require_consent is off, no consent is necessary @ https://dep176.gsf.netease.com/hubble-to-countly/1.1.1/js-sdk/assets/countly.min.js:0
[     707ms] [INFO] [INFO]  With event ID: [b384c3451777361527262], successfully adding the last event:{"key":"tech_hubble_to_countly_pv","count":1,"segmentation":{},"timestamp":1777361527262,"hour":15,"dow":2,"id":"b384c3451777361527262","cvid":""} @ https://dep176.gsf.netease.com/hubble-to-countly/1.1.1/js-sdk/assets/countly.min.js:0
[     709ms] [INFO] [INFO] track_session, Starting tracking user session @ https://dep176.gsf.netease.com/hubble-to-countly/1.1.1/js-sdk/assets/countly.min.js:0
[     709ms] [INFO] [INFO] begin_session, Starting the session. There was an ongoing session: [false] @ https://dep176.gsf.netease.com/hubble-to-countly/1.1.1/js-sdk/assets/countly.min.js:0
[     709ms] [INFO] [INFO] check_consent, Checking if consent is given for specific feature:[sessions] @ https://dep176.gsf.netease.com/hubble-to-countly/1.1.1/js-sdk/assets/countly.min.js:0
[     710ms] [INFO] [INFO] check_consent, require_consent is off, no consent is necessary @ https://dep176.gsf.netease.com/hubble-to-countly/1.1.1/js-sdk/assets/countly.min.js:0
[     710ms] [INFO] [INFO] report_orientation, Reporting orientation @ https://dep176.gsf.netease.com/hubble-to-countly/1.1.1/js-sdk/assets/countly.min.js:0
[     710ms] [INFO] [INFO] check_consent, Checking if consent is given for specific feature:[users] @ https://dep176.gsf.netease.com/hubble-to-countly/1.1.1/js-sdk/assets/countly.min.js:0
[     710ms] [INFO] [INFO] check_consent, require_consent is off, no consent is necessary @ https://dep176.gsf.netease.com/hubble-to-countly/1.1.1/js-sdk/assets/countly.min.js:0
[     710ms] [INFO] [INFO]  With event ID: [37f16e271777361527265], successfully adding the last event:{"key":"[CLY]_orientation","count":1,"segmentation":{"mode":"landscape"},"timestamp":1777361527264,"hour":15,"dow":2,"id":"37f16e271777361527265","cvid":""} @ https://dep176.gsf.netease.com/hubble-to-countly/1.1.1/js-sdk/assets/countly.min.js:0
[     710ms] [LOG] [VERBOSE] begin_session, Session state, forced: [undefined], useSessionCookie: [true], seconds to expire: [1757], expired: [false]  @ https://dep176.gsf.netease.com/hubble-to-countly/1.1.1/js-sdk/assets/countly.min.js:0
[     710ms] [INFO] [INFO] start_time, Starting tracking duration @ https://dep176.gsf.netease.com/hubble-to-countly/1.1.1/js-sdk/assets/countly.min.js:0
[     711ms] [INFO] [INFO] track_pageview, Tracking page views @ https://dep176.gsf.netease.com/hubble-to-countly/1.1.1/js-sdk/assets/countly.min.js:0
[     711ms] [LOG] [VERBOSE] track_pageview, last view is:[null], current view ID is:[null], previous view ID is:[null] @ https://dep176.gsf.netease.com/hubble-to-countly/1.1.1/js-sdk/assets/countly.min.js:0
[     711ms] [LOG] [VERBOSE] track_pageview, last view is assigned:[/position], current view ID is:[82fc751e1777361527266], previous view ID is:[null] @ https://dep176.gsf.netease.com/hubble-to-countly/1.1.1/js-sdk/assets/countly.min.js:0
[     711ms] [INFO] [INFO] check_consent, Checking if consent is given for specific feature:[views] @ https://dep176.gsf.netease.com/hubble-to-countly/1.1.1/js-sdk/assets/countly.min.js:0
[     711ms] [INFO] [INFO] check_consent, require_consent is off, no consent is necessary @ https://dep176.gsf.netease.com/hubble-to-countly/1.1.1/js-sdk/assets/countly.min.js:0
[     711ms] [INFO] [INFO]  With event ID: [82fc751e1777361527266], successfully adding the last event:{"key":"[CLY]_view","count":1,"segmentation":{"name":"/position","visit":1,"view":"/position","domain":"campus.game.163.com"},"timestamp":1777361527266,"hour":15,"dow":2,"id":"82fc751e1777361527266","pvid":""} @ https://dep176.gsf.netease.com/hubble-to-countly/1.1.1/js-sdk/assets/countly.min.js:0
[     712ms] [INFO] [INFO] track_clicks, Starting to track clicks @ https://dep176.gsf.netease.com/hubble-to-countly/1.1.1/js-sdk/assets/countly.min.js:0
[     712ms] [INFO] [INFO] track_scrolls, Starting to track scrolls @ https://dep176.gsf.netease.com/hubble-to-countly/1.1.1/js-sdk/assets/countly.min.js:0
[     712ms] [INFO] [INFO] track_errors, Started tracking errors @ https://dep176.gsf.netease.com/hubble-to-countly/1.1.1/js-sdk/assets/countly.min.js:0
[     712ms] [INFO] [INFO] track_links, Starting to track clicks to links @ https://dep176.gsf.netease.com/hubble-to-countly/1.1.1/js-sdk/assets/countly.min.js:0
[     712ms] [INFO] [INFO] track_forms, Starting to track form submissions. DOM object provided:[false] Tracking hidden inputs :[false] @ https://dep176.gsf.netease.com/hubble-to-countly/1.1.1/js-sdk/assets/countly.min.js:0
[     713ms] [INFO] [INFO] collect_from_forms, Starting to collect possible user data. DOM object provided:[false] Submitting custom user property:[false] @ https://dep176.gsf.netease.com/hubble-to-countly/1.1.1/js-sdk/assets/countly.min.js:0
[     713ms] [INFO] [INFO] check_consent, Checking if consent is given for specific feature:[location] @ https://dep176.gsf.netease.com/hubble-to-countly/1.1.1/js-sdk/assets/countly.min.js:0
[     713ms] [INFO] [INFO] check_consent, require_consent is off, no consent is necessary @ https://dep176.gsf.netease.com/hubble-to-countly/1.1.1/js-sdk/assets/countly.min.js:0
[     773ms] [INFO] [INFO] healthCheck, Request was successful. Status: [{"result":"Success"}], response: [undefined] @ https://dep176.gsf.netease.com/hubble-to-countly/1.1.1/js-sdk/assets/countly.min.js:0
[    3773ms] [INFO] [INFO] check_consent, Checking if consent is given for specific feature:[clicks] @ https://dep176.gsf.netease.com/hubble-to-countly/1.1.1/js-sdk/assets/countly.min.js:0
[    3773ms] [INFO] [INFO] check_consent, require_consent is off, no consent is necessary @ https://dep176.gsf.netease.com/hubble-to-countly/1.1.1/js-sdk/assets/countly.min.js:0
[    3774ms] [INFO] [INFO]  With event ID: [caa152361777361530328], successfully adding the last event:{"key":"[CLY]_action","count":1,"segmentation":{"type":"click","x":401,"y":488,"width":1280,"height":1588,"view":"/position","domain":"campus.game.163.com"},"timestamp":1777361530328,"hour":15,"dow":2,"id":"caa152361777361530328","cvid":"82fc751e1777361527266"} @ https://dep176.gsf.netease.com/hubble-to-countly/1.1.1/js-sdk/assets/countly.min.js:0
[    4251ms] [INFO] [INFO] check_consent, Checking if consent is given for specific feature:[location] @ https://dep176.gsf.netease.com/hubble-to-countly/1.1.1/js-sdk/assets/countly.min.js:0
[    4251ms] [INFO] [INFO] check_consent, require_consent is off, no consent is necessary @ https://dep176.gsf.netease.com/hubble-to-countly/1.1.1/js-sdk/assets/countly.min.js:0
