[     772ms] [WARNING] [WARNING] initialize, will use legacy RC API. Consider enabling new API during init with use_explicit_rc_api flag @ https://dep176.gsf.netease.com/hubble-to-countly/1.1.1/js-sdk/assets/countly.min.js:0
[     772ms] [INFO] [INFO] initialize, Countly initialized @ https://dep176.gsf.netease.com/hubble-to-countly/1.1.1/js-sdk/assets/countly.min.js:0
[     772ms] [INFO] [INFO] initialize, Set the stored device ID @ https://dep176.gsf.netease.com/hubble-to-countly/1.1.1/js-sdk/assets/countly.min.js:0
[     773ms] [INFO] [INFO] check_consent, Checking if consent is given for specific feature:[location] @ https://dep176.gsf.netease.com/hubble-to-countly/1.1.1/js-sdk/assets/countly.min.js:0
[     773ms] [INFO] [INFO] check_consent, require_consent is off, no consent is necessary @ https://dep176.gsf.netease.com/hubble-to-countly/1.1.1/js-sdk/assets/countly.min.js:0
[     774ms] [INFO] [INFO] add_event, Adding event: {"key":"tech_hubble_to_countly_pv","segmentation":{}} @ https://dep176.gsf.netease.com/hubble-to-countly/1.1.1/js-sdk/assets/countly.min.js:0
[     774ms] [INFO] [INFO] check_consent, Checking if consent is given for specific feature:[events] @ https://dep176.gsf.netease.com/hubble-to-countly/1.1.1/js-sdk/assets/countly.min.js:0
[     774ms] [INFO] [INFO] check_consent, require_consent is off, no consent is necessary @ https://dep176.gsf.netease.com/hubble-to-countly/1.1.1/js-sdk/assets/countly.min.js:0
[     774ms] [INFO] [INFO]  With event ID: [f2ed6d0c1777361619241], successfully adding the last event:{"key":"tech_hubble_to_countly_pv","count":1,"segmentation":{},"timestamp":1777361619240,"hour":15,"dow":2,"id":"f2ed6d0c1777361619241","cvid":""} @ https://dep176.gsf.netease.com/hubble-to-countly/1.1.1/js-sdk/assets/countly.min.js:0
[     776ms] [INFO] [INFO] track_session, Starting tracking user session @ https://dep176.gsf.netease.com/hubble-to-countly/1.1.1/js-sdk/assets/countly.min.js:0
[     776ms] [INFO] [INFO] begin_session, Starting the session. There was an ongoing session: [false] @ https://dep176.gsf.netease.com/hubble-to-countly/1.1.1/js-sdk/assets/countly.min.js:0
[     776ms] [INFO] [INFO] check_consent, Checking if consent is given for specific feature:[sessions] @ https://dep176.gsf.netease.com/hubble-to-countly/1.1.1/js-sdk/assets/countly.min.js:0
[     776ms] [INFO] [INFO] check_consent, require_consent is off, no consent is necessary @ https://dep176.gsf.netease.com/hubble-to-countly/1.1.1/js-sdk/assets/countly.min.js:0
[     776ms] [INFO] [INFO] report_orientation, Reporting orientation @ https://dep176.gsf.netease.com/hubble-to-countly/1.1.1/js-sdk/assets/countly.min.js:0
[     776ms] [INFO] [INFO] check_consent, Checking if consent is given for specific feature:[users] @ https://dep176.gsf.netease.com/hubble-to-countly/1.1.1/js-sdk/assets/countly.min.js:0
[     776ms] [INFO] [INFO] check_consent, require_consent is off, no consent is necessary @ https://dep176.gsf.netease.com/hubble-to-countly/1.1.1/js-sdk/assets/countly.min.js:0
[     777ms] [INFO] [INFO]  With event ID: [dc8f7db21777361619243], successfully adding the last event:{"key":"[CLY]_orientation","count":1,"segmentation":{"mode":"landscape"},"timestamp":1777361619243,"hour":15,"dow":2,"id":"dc8f7db21777361619243","cvid":""} @ https://dep176.gsf.netease.com/hubble-to-countly/1.1.1/js-sdk/assets/countly.min.js:0
[     777ms] [LOG] [VERBOSE] begin_session, Session state, forced: [undefined], useSessionCookie: [true], seconds to expire: [1708], expired: [false]  @ https://dep176.gsf.netease.com/hubble-to-countly/1.1.1/js-sdk/assets/countly.min.js:0
[     777ms] [INFO] [INFO] start_time, Starting tracking duration @ https://dep176.gsf.netease.com/hubble-to-countly/1.1.1/js-sdk/assets/countly.min.js:0
[     777ms] [INFO] [INFO] track_pageview, Tracking page views @ https://dep176.gsf.netease.com/hubble-to-countly/1.1.1/js-sdk/assets/countly.min.js:0
[     777ms] [LOG] [VERBOSE] track_pageview, last view is:[null], current view ID is:[null], previous view ID is:[null] @ https://dep176.gsf.netease.com/hubble-to-countly/1.1.1/js-sdk/assets/countly.min.js:0
[     777ms] [LOG] [VERBOSE] track_pageview, last view is assigned:[/position], current view ID is:[591f69fb1777361619244], previous view ID is:[null] @ https://dep176.gsf.netease.com/hubble-to-countly/1.1.1/js-sdk/assets/countly.min.js:0
[     778ms] [INFO] [INFO] check_consent, Checking if consent is given for specific feature:[views] @ https://dep176.gsf.netease.com/hubble-to-countly/1.1.1/js-sdk/assets/countly.min.js:0
[     778ms] [INFO] [INFO] check_consent, require_consent is off, no consent is necessary @ https://dep176.gsf.netease.com/hubble-to-countly/1.1.1/js-sdk/assets/countly.min.js:0
[     778ms] [INFO] [INFO]  With event ID: [591f69fb1777361619244], successfully adding the last event:{"key":"[CLY]_view","count":1,"segmentation":{"name":"/position","visit":1,"view":"/position","domain":"campus.game.163.com"},"timestamp":1777361619244,"hour":15,"dow":2,"id":"591f69fb1777361619244","pvid":""} @ https://dep176.gsf.netease.com/hubble-to-countly/1.1.1/js-sdk/assets/countly.min.js:0
[     778ms] [INFO] [INFO] track_clicks, Starting to track clicks @ https://dep176.gsf.netease.com/hubble-to-countly/1.1.1/js-sdk/assets/countly.min.js:0
[     778ms] [INFO] [INFO] track_scrolls, Starting to track scrolls @ https://dep176.gsf.netease.com/hubble-to-countly/1.1.1/js-sdk/assets/countly.min.js:0
[     778ms] [INFO] [INFO] track_errors, Started tracking errors @ https://dep176.gsf.netease.com/hubble-to-countly/1.1.1/js-sdk/assets/countly.min.js:0
[     778ms] [INFO] [INFO] track_links, Starting to track clicks to links @ https://dep176.gsf.netease.com/hubble-to-countly/1.1.1/js-sdk/assets/countly.min.js:0
[     778ms] [INFO] [INFO] track_forms, Starting to track form submissions. DOM object provided:[false] Tracking hidden inputs :[false] @ https://dep176.gsf.netease.com/hubble-to-countly/1.1.1/js-sdk/assets/countly.min.js:0
[     779ms] [INFO] [INFO] collect_from_forms, Starting to collect possible user data. DOM object provided:[false] Submitting custom user property:[false] @ https://dep176.gsf.netease.com/hubble-to-countly/1.1.1/js-sdk/assets/countly.min.js:0
[     779ms] [INFO] [INFO] check_consent, Checking if consent is given for specific feature:[location] @ https://dep176.gsf.netease.com/hubble-to-countly/1.1.1/js-sdk/assets/countly.min.js:0
[     779ms] [INFO] [INFO] check_consent, require_consent is off, no consent is necessary @ https://dep176.gsf.netease.com/hubble-to-countly/1.1.1/js-sdk/assets/countly.min.js:0
[     845ms] [INFO] [INFO] healthCheck, Request was successful. Status: [{"result":"Success"}], response: [undefined] @ https://dep176.gsf.netease.com/hubble-to-countly/1.1.1/js-sdk/assets/countly.min.js:0
[    3641ms] [INFO] [INFO] check_consent, Checking if consent is given for specific feature:[clicks] @ https://dep176.gsf.netease.com/hubble-to-countly/1.1.1/js-sdk/assets/countly.min.js:0
[    3641ms] [INFO] [INFO] check_consent, require_consent is off, no consent is necessary @ https://dep176.gsf.netease.com/hubble-to-countly/1.1.1/js-sdk/assets/countly.min.js:0
[    3641ms] [INFO] [INFO]  With event ID: [fb9c6df81777361622108], successfully adding the last event:{"key":"[CLY]_action","count":1,"segmentation":{"type":"click","x":401,"y":488,"width":1280,"height":1588,"view":"/position","domain":"campus.game.163.com"},"timestamp":1777361622108,"hour":15,"dow":2,"id":"fb9c6df81777361622108","cvid":"591f69fb1777361619244"} @ https://dep176.gsf.netease.com/hubble-to-countly/1.1.1/js-sdk/assets/countly.min.js:0
[    3825ms] [INFO] [INFO] check_consent, Checking if consent is given for specific feature:[location] @ https://dep176.gsf.netease.com/hubble-to-countly/1.1.1/js-sdk/assets/countly.min.js:0
[    3825ms] [INFO] [INFO] check_consent, require_consent is off, no consent is necessary @ https://dep176.gsf.netease.com/hubble-to-countly/1.1.1/js-sdk/assets/countly.min.js:0
