[     674ms] [WARNING] [WARNING] initialize, will use legacy RC API. Consider enabling new API during init with use_explicit_rc_api flag @ https://dep176.gsf.netease.com/hubble-to-countly/1.1.1/js-sdk/assets/countly.min.js:0
[     675ms] [INFO] [INFO] initialize, Countly initialized @ https://dep176.gsf.netease.com/hubble-to-countly/1.1.1/js-sdk/assets/countly.min.js:0
[     675ms] [INFO] [INFO] initialize, Set the stored device ID @ https://dep176.gsf.netease.com/hubble-to-countly/1.1.1/js-sdk/assets/countly.min.js:0
[     675ms] [INFO] [INFO] check_consent, Checking if consent is given for specific feature:[location] @ https://dep176.gsf.netease.com/hubble-to-countly/1.1.1/js-sdk/assets/countly.min.js:0
[     676ms] [INFO] [INFO] check_consent, require_consent is off, no consent is necessary @ https://dep176.gsf.netease.com/hubble-to-countly/1.1.1/js-sdk/assets/countly.min.js:0
[     676ms] [INFO] [INFO] add_event, Adding event: {"key":"tech_hubble_to_countly_pv","segmentation":{}} @ https://dep176.gsf.netease.com/hubble-to-countly/1.1.1/js-sdk/assets/countly.min.js:0
[     676ms] [INFO] [INFO] check_consent, Checking if consent is given for specific feature:[events] @ https://dep176.gsf.netease.com/hubble-to-countly/1.1.1/js-sdk/assets/countly.min.js:0
[     676ms] [INFO] [INFO] check_consent, require_consent is off, no consent is necessary @ https://dep176.gsf.netease.com/hubble-to-countly/1.1.1/js-sdk/assets/countly.min.js:0
[     677ms] [INFO] [INFO]  With event ID: [2a20f0811777361952427], successfully adding the last event:{"key":"tech_hubble_to_countly_pv","count":1,"segmentation":{},"timestamp":1777361952427,"hour":15,"dow":2,"id":"2a20f0811777361952427","cvid":""} @ https://dep176.gsf.netease.com/hubble-to-countly/1.1.1/js-sdk/assets/countly.min.js:0
[     679ms] [INFO] [INFO] track_session, Starting tracking user session @ https://dep176.gsf.netease.com/hubble-to-countly/1.1.1/js-sdk/assets/countly.min.js:0
[     680ms] [INFO] [INFO] begin_session, Starting the session. There was an ongoing session: [false] @ https://dep176.gsf.netease.com/hubble-to-countly/1.1.1/js-sdk/assets/countly.min.js:0
[     680ms] [INFO] [INFO] check_consent, Checking if consent is given for specific feature:[sessions] @ https://dep176.gsf.netease.com/hubble-to-countly/1.1.1/js-sdk/assets/countly.min.js:0
[     680ms] [INFO] [INFO] check_consent, require_consent is off, no consent is necessary @ https://dep176.gsf.netease.com/hubble-to-countly/1.1.1/js-sdk/assets/countly.min.js:0
[     680ms] [INFO] [INFO] report_orientation, Reporting orientation @ https://dep176.gsf.netease.com/hubble-to-countly/1.1.1/js-sdk/assets/countly.min.js:0
[     681ms] [INFO] [INFO] check_consent, Checking if consent is given for specific feature:[users] @ https://dep176.gsf.netease.com/hubble-to-countly/1.1.1/js-sdk/assets/countly.min.js:0
[     681ms] [INFO] [INFO] check_consent, require_consent is off, no consent is necessary @ https://dep176.gsf.netease.com/hubble-to-countly/1.1.1/js-sdk/assets/countly.min.js:0
[     681ms] [INFO] [INFO]  With event ID: [5dc143001777361952431], successfully adding the last event:{"key":"[CLY]_orientation","count":1,"segmentation":{"mode":"landscape"},"timestamp":1777361952431,"hour":15,"dow":2,"id":"5dc143001777361952431","cvid":""} @ https://dep176.gsf.netease.com/hubble-to-countly/1.1.1/js-sdk/assets/countly.min.js:0
[     681ms] [LOG] [VERBOSE] begin_session, Session state, forced: [undefined], useSessionCookie: [true], seconds to expire: [1697], expired: [false]  @ https://dep176.gsf.netease.com/hubble-to-countly/1.1.1/js-sdk/assets/countly.min.js:0
[     681ms] [INFO] [INFO] start_time, Starting tracking duration @ https://dep176.gsf.netease.com/hubble-to-countly/1.1.1/js-sdk/assets/countly.min.js:0
[     682ms] [INFO] [INFO] track_pageview, Tracking page views @ https://dep176.gsf.netease.com/hubble-to-countly/1.1.1/js-sdk/assets/countly.min.js:0
[     682ms] [LOG] [VERBOSE] track_pageview, last view is:[null], current view ID is:[null], previous view ID is:[null] @ https://dep176.gsf.netease.com/hubble-to-countly/1.1.1/js-sdk/assets/countly.min.js:0
[     682ms] [LOG] [VERBOSE] track_pageview, last view is assigned:[/position], current view ID is:[bcd12d081777361952432], previous view ID is:[null] @ https://dep176.gsf.netease.com/hubble-to-countly/1.1.1/js-sdk/assets/countly.min.js:0
[     682ms] [INFO] [INFO] check_consent, Checking if consent is given for specific feature:[views] @ https://dep176.gsf.netease.com/hubble-to-countly/1.1.1/js-sdk/assets/countly.min.js:0
[     682ms] [INFO] [INFO] check_consent, require_consent is off, no consent is necessary @ https://dep176.gsf.netease.com/hubble-to-countly/1.1.1/js-sdk/assets/countly.min.js:0
[     683ms] [INFO] [INFO]  With event ID: [bcd12d081777361952432], successfully adding the last event:{"key":"[CLY]_view","count":1,"segmentation":{"name":"/position","visit":1,"view":"/position","domain":"campus.game.163.com"},"timestamp":1777361952433,"hour":15,"dow":2,"id":"bcd12d081777361952432","pvid":""} @ https://dep176.gsf.netease.com/hubble-to-countly/1.1.1/js-sdk/assets/countly.min.js:0
[     683ms] [INFO] [INFO] track_clicks, Starting to track clicks @ https://dep176.gsf.netease.com/hubble-to-countly/1.1.1/js-sdk/assets/countly.min.js:0
[     683ms] [INFO] [INFO] track_scrolls, Starting to track scrolls @ https://dep176.gsf.netease.com/hubble-to-countly/1.1.1/js-sdk/assets/countly.min.js:0
[     684ms] [INFO] [INFO] track_errors, Started tracking errors @ https://dep176.gsf.netease.com/hubble-to-countly/1.1.1/js-sdk/assets/countly.min.js:0
[     684ms] [INFO] [INFO] track_links, Starting to track clicks to links @ https://dep176.gsf.netease.com/hubble-to-countly/1.1.1/js-sdk/assets/countly.min.js:0
[     684ms] [INFO] [INFO] track_forms, Starting to track form submissions. DOM object provided:[false] Tracking hidden inputs :[false] @ https://dep176.gsf.netease.com/hubble-to-countly/1.1.1/js-sdk/assets/countly.min.js:0
[     685ms] [INFO] [INFO] collect_from_forms, Starting to collect possible user data. DOM object provided:[false] Submitting custom user property:[false] @ https://dep176.gsf.netease.com/hubble-to-countly/1.1.1/js-sdk/assets/countly.min.js:0
[     685ms] [INFO] [INFO] check_consent, Checking if consent is given for specific feature:[location] @ https://dep176.gsf.netease.com/hubble-to-countly/1.1.1/js-sdk/assets/countly.min.js:0
[     685ms] [INFO] [INFO] check_consent, require_consent is off, no consent is necessary @ https://dep176.gsf.netease.com/hubble-to-countly/1.1.1/js-sdk/assets/countly.min.js:0
[     757ms] [INFO] [INFO] healthCheck, Request was successful. Status: [{"result":"Success"}], response: [undefined] @ https://dep176.gsf.netease.com/hubble-to-countly/1.1.1/js-sdk/assets/countly.min.js:0
[    5470ms] [INFO] [INFO] check_consent, Checking if consent is given for specific feature:[clicks] @ https://dep176.gsf.netease.com/hubble-to-countly/1.1.1/js-sdk/assets/countly.min.js:0
[    5470ms] [INFO] [INFO] check_consent, require_consent is off, no consent is necessary @ https://dep176.gsf.netease.com/hubble-to-countly/1.1.1/js-sdk/assets/countly.min.js:0
[    5470ms] [INFO] [INFO]  With event ID: [5702872c1777361957220], successfully adding the last event:{"key":"[CLY]_action","count":1,"segmentation":{"type":"click","x":401,"y":488,"width":1280,"height":1588,"view":"/position","domain":"campus.game.163.com"},"timestamp":1777361957220,"hour":15,"dow":2,"id":"5702872c1777361957220","cvid":"bcd12d081777361952432"} @ https://dep176.gsf.netease.com/hubble-to-countly/1.1.1/js-sdk/assets/countly.min.js:0
[    5733ms] [INFO] [INFO] check_consent, Checking if consent is given for specific feature:[location] @ https://dep176.gsf.netease.com/hubble-to-countly/1.1.1/js-sdk/assets/countly.min.js:0
[    5733ms] [INFO] [INFO] check_consent, require_consent is off, no consent is necessary @ https://dep176.gsf.netease.com/hubble-to-countly/1.1.1/js-sdk/assets/countly.min.js:0
[   13850ms] [INFO] [INFO] check_consent, Checking if consent is given for specific feature:[clicks] @ https://dep176.gsf.netease.com/hubble-to-countly/1.1.1/js-sdk/assets/countly.min.js:0
[   13850ms] [INFO] [INFO] check_consent, require_consent is off, no consent is necessary @ https://dep176.gsf.netease.com/hubble-to-countly/1.1.1/js-sdk/assets/countly.min.js:0
[   13850ms] [INFO] [INFO]  With event ID: [4bb8242a1777361965601], successfully adding the last event:{"key":"[CLY]_action","count":1,"segmentation":{"type":"click","x":204,"y":861,"width":1280,"height":2062,"view":"/position-detail/1556","domain":"campus.game.163.com"},"timestamp":1777361965601,"hour":15,"dow":2,"id":"4bb8242a1777361965601","cvid":"bcd12d081777361952432"} @ https://dep176.gsf.netease.com/hubble-to-countly/1.1.1/js-sdk/assets/countly.min.js:0
[   13870ms] [INFO] [INFO] check_consent, Checking if consent is given for specific feature:[location] @ https://dep176.gsf.netease.com/hubble-to-countly/1.1.1/js-sdk/assets/countly.min.js:0
[   13871ms] [INFO] [INFO] check_consent, require_consent is off, no consent is necessary @ https://dep176.gsf.netease.com/hubble-to-countly/1.1.1/js-sdk/assets/countly.min.js:0
[   18277ms] [INFO] [INFO] check_consent, Checking if consent is given for specific feature:[clicks] @ https://dep176.gsf.netease.com/hubble-to-countly/1.1.1/js-sdk/assets/countly.min.js:0
[   18277ms] [INFO] [INFO] check_consent, require_consent is off, no consent is necessary @ https://dep176.gsf.netease.com/hubble-to-countly/1.1.1/js-sdk/assets/countly.min.js:0
[   18277ms] [INFO] [INFO]  With event ID: [51b5fc631777361970028], successfully adding the last event:{"key":"[CLY]_action","count":1,"segmentation":{"type":"click","x":200,"y":917,"width":1280,"height":2062,"view":"/position-detail/1604","domain":"campus.game.163.com"},"timestamp":1777361970027,"hour":15,"dow":2,"id":"51b5fc631777361970028","cvid":"bcd12d081777361952432"} @ https://dep176.gsf.netease.com/hubble-to-countly/1.1.1/js-sdk/assets/countly.min.js:0
[   18414ms] [INFO] [INFO] check_consent, Checking if consent is given for specific feature:[location] @ https://dep176.gsf.netease.com/hubble-to-countly/1.1.1/js-sdk/assets/countly.min.js:0
[   18414ms] [INFO] [INFO] check_consent, require_consent is off, no consent is necessary @ https://dep176.gsf.netease.com/hubble-to-countly/1.1.1/js-sdk/assets/countly.min.js:0
