[     749ms] [WARNING] [WARNING] initialize, will use legacy RC API. Consider enabling new API during init with use_explicit_rc_api flag @ https://dep176.gsf.netease.com/hubble-to-countly/1.1.1/js-sdk/assets/countly.min.js:0
[     749ms] [INFO] [INFO] initialize, Countly initialized @ https://dep176.gsf.netease.com/hubble-to-countly/1.1.1/js-sdk/assets/countly.min.js:0
[     749ms] [INFO] [INFO] initialize, Set the stored device ID @ https://dep176.gsf.netease.com/hubble-to-countly/1.1.1/js-sdk/assets/countly.min.js:0
[     750ms] [INFO] [INFO] check_consent, Checking if consent is given for specific feature:[location] @ https://dep176.gsf.netease.com/hubble-to-countly/1.1.1/js-sdk/assets/countly.min.js:0
[     750ms] [INFO] [INFO] check_consent, require_consent is off, no consent is necessary @ https://dep176.gsf.netease.com/hubble-to-countly/1.1.1/js-sdk/assets/countly.min.js:0
[     751ms] [INFO] [INFO] add_event, Adding event: {"key":"tech_hubble_to_countly_pv","segmentation":{}} @ https://dep176.gsf.netease.com/hubble-to-countly/1.1.1/js-sdk/assets/countly.min.js:0
[     751ms] [INFO] [INFO] check_consent, Checking if consent is given for specific feature:[events] @ https://dep176.gsf.netease.com/hubble-to-countly/1.1.1/js-sdk/assets/countly.min.js:0
[     751ms] [INFO] [INFO] check_consent, require_consent is off, no consent is necessary @ https://dep176.gsf.netease.com/hubble-to-countly/1.1.1/js-sdk/assets/countly.min.js:0
[     751ms] [INFO] [INFO]  With event ID: [9513d66a1777362266926], successfully adding the last event:{"key":"tech_hubble_to_countly_pv","count":1,"segmentation":{},"timestamp":1777362266926,"hour":15,"dow":2,"id":"9513d66a1777362266926","cvid":""} @ https://dep176.gsf.netease.com/hubble-to-countly/1.1.1/js-sdk/assets/countly.min.js:0
[     753ms] [INFO] [INFO] track_session, Starting tracking user session @ https://dep176.gsf.netease.com/hubble-to-countly/1.1.1/js-sdk/assets/countly.min.js:0
[     754ms] [INFO] [INFO] begin_session, Starting the session. There was an ongoing session: [false] @ https://dep176.gsf.netease.com/hubble-to-countly/1.1.1/js-sdk/assets/countly.min.js:0
[     754ms] [INFO] [INFO] check_consent, Checking if consent is given for specific feature:[sessions] @ https://dep176.gsf.netease.com/hubble-to-countly/1.1.1/js-sdk/assets/countly.min.js:0
[     754ms] [INFO] [INFO] check_consent, require_consent is off, no consent is necessary @ https://dep176.gsf.netease.com/hubble-to-countly/1.1.1/js-sdk/assets/countly.min.js:0
[     754ms] [INFO] [INFO] report_orientation, Reporting orientation @ https://dep176.gsf.netease.com/hubble-to-countly/1.1.1/js-sdk/assets/countly.min.js:0
[     754ms] [INFO] [INFO] check_consent, Checking if consent is given for specific feature:[users] @ https://dep176.gsf.netease.com/hubble-to-countly/1.1.1/js-sdk/assets/countly.min.js:0
[     754ms] [INFO] [INFO] check_consent, require_consent is off, no consent is necessary @ https://dep176.gsf.netease.com/hubble-to-countly/1.1.1/js-sdk/assets/countly.min.js:0
[     754ms] [INFO] [INFO]  With event ID: [81fad2b51777362266929], successfully adding the last event:{"key":"[CLY]_orientation","count":1,"segmentation":{"mode":"landscape"},"timestamp":1777362266929,"hour":15,"dow":2,"id":"81fad2b51777362266929","cvid":""} @ https://dep176.gsf.netease.com/hubble-to-countly/1.1.1/js-sdk/assets/countly.min.js:0
[     754ms] [LOG] [VERBOSE] begin_session, Session state, forced: [undefined], useSessionCookie: [true], seconds to expire: [1486], expired: [false]  @ https://dep176.gsf.netease.com/hubble-to-countly/1.1.1/js-sdk/assets/countly.min.js:0
[     754ms] [INFO] [INFO] start_time, Starting tracking duration @ https://dep176.gsf.netease.com/hubble-to-countly/1.1.1/js-sdk/assets/countly.min.js:0
[     755ms] [INFO] [INFO] track_pageview, Tracking page views @ https://dep176.gsf.netease.com/hubble-to-countly/1.1.1/js-sdk/assets/countly.min.js:0
[     755ms] [LOG] [VERBOSE] track_pageview, last view is:[null], current view ID is:[null], previous view ID is:[null] @ https://dep176.gsf.netease.com/hubble-to-countly/1.1.1/js-sdk/assets/countly.min.js:0
[     755ms] [LOG] [VERBOSE] track_pageview, last view is assigned:[/position], current view ID is:[19a03f6c1777362266930], previous view ID is:[null] @ https://dep176.gsf.netease.com/hubble-to-countly/1.1.1/js-sdk/assets/countly.min.js:0
[     755ms] [INFO] [INFO] check_consent, Checking if consent is given for specific feature:[views] @ https://dep176.gsf.netease.com/hubble-to-countly/1.1.1/js-sdk/assets/countly.min.js:0
[     755ms] [INFO] [INFO] check_consent, require_consent is off, no consent is necessary @ https://dep176.gsf.netease.com/hubble-to-countly/1.1.1/js-sdk/assets/countly.min.js:0
[     756ms] [INFO] [INFO]  With event ID: [19a03f6c1777362266930], successfully adding the last event:{"key":"[CLY]_view","count":1,"segmentation":{"name":"/position","visit":1,"view":"/position","domain":"campus.game.163.com"},"timestamp":1777362266930,"hour":15,"dow":2,"id":"19a03f6c1777362266930","pvid":""} @ https://dep176.gsf.netease.com/hubble-to-countly/1.1.1/js-sdk/assets/countly.min.js:0
[     756ms] [INFO] [INFO] track_clicks, Starting to track clicks @ https://dep176.gsf.netease.com/hubble-to-countly/1.1.1/js-sdk/assets/countly.min.js:0
[     756ms] [INFO] [INFO] track_scrolls, Starting to track scrolls @ https://dep176.gsf.netease.com/hubble-to-countly/1.1.1/js-sdk/assets/countly.min.js:0
[     756ms] [INFO] [INFO] track_errors, Started tracking errors @ https://dep176.gsf.netease.com/hubble-to-countly/1.1.1/js-sdk/assets/countly.min.js:0
[     756ms] [INFO] [INFO] track_links, Starting to track clicks to links @ https://dep176.gsf.netease.com/hubble-to-countly/1.1.1/js-sdk/assets/countly.min.js:0
[     756ms] [INFO] [INFO] track_forms, Starting to track form submissions. DOM object provided:[false] Tracking hidden inputs :[false] @ https://dep176.gsf.netease.com/hubble-to-countly/1.1.1/js-sdk/assets/countly.min.js:0
[     756ms] [INFO] [INFO] collect_from_forms, Starting to collect possible user data. DOM object provided:[false] Submitting custom user property:[false] @ https://dep176.gsf.netease.com/hubble-to-countly/1.1.1/js-sdk/assets/countly.min.js:0
[     757ms] [INFO] [INFO] check_consent, Checking if consent is given for specific feature:[location] @ https://dep176.gsf.netease.com/hubble-to-countly/1.1.1/js-sdk/assets/countly.min.js:0
[     757ms] [INFO] [INFO] check_consent, require_consent is off, no consent is necessary @ https://dep176.gsf.netease.com/hubble-to-countly/1.1.1/js-sdk/assets/countly.min.js:0
[     815ms] [INFO] [INFO] healthCheck, Request was successful. Status: [{"result":"Success"}], response: [undefined] @ https://dep176.gsf.netease.com/hubble-to-countly/1.1.1/js-sdk/assets/countly.min.js:0
[    5401ms] [INFO] [INFO] check_consent, Checking if consent is given for specific feature:[clicks] @ https://dep176.gsf.netease.com/hubble-to-countly/1.1.1/js-sdk/assets/countly.min.js:0
[    5401ms] [INFO] [INFO] check_consent, require_consent is off, no consent is necessary @ https://dep176.gsf.netease.com/hubble-to-countly/1.1.1/js-sdk/assets/countly.min.js:0
[    5401ms] [INFO] [INFO]  With event ID: [dfc1fae71777362271576], successfully adding the last event:{"key":"[CLY]_action","count":1,"segmentation":{"type":"click","x":401,"y":488,"width":1280,"height":1588,"view":"/position","domain":"campus.game.163.com"},"timestamp":1777362271576,"hour":15,"dow":2,"id":"dfc1fae71777362271576","cvid":"19a03f6c1777362266930"} @ https://dep176.gsf.netease.com/hubble-to-countly/1.1.1/js-sdk/assets/countly.min.js:0
[    5822ms] [INFO] [INFO] check_consent, Checking if consent is given for specific feature:[location] @ https://dep176.gsf.netease.com/hubble-to-countly/1.1.1/js-sdk/assets/countly.min.js:0
[    5822ms] [INFO] [INFO] check_consent, require_consent is off, no consent is necessary @ https://dep176.gsf.netease.com/hubble-to-countly/1.1.1/js-sdk/assets/countly.min.js:0
[   12527ms] [INFO] [INFO] check_consent, Checking if consent is given for specific feature:[clicks] @ https://dep176.gsf.netease.com/hubble-to-countly/1.1.1/js-sdk/assets/countly.min.js:0
[   12527ms] [INFO] [INFO] check_consent, require_consent is off, no consent is necessary @ https://dep176.gsf.netease.com/hubble-to-countly/1.1.1/js-sdk/assets/countly.min.js:0
[   12527ms] [INFO] [INFO]  With event ID: [3566362e1777362278702], successfully adding the last event:{"key":"[CLY]_action","count":1,"segmentation":{"type":"click","x":204,"y":861,"width":1280,"height":2062,"view":"/position-detail/1556","domain":"campus.game.163.com"},"timestamp":1777362278702,"hour":15,"dow":2,"id":"3566362e1777362278702","cvid":"19a03f6c1777362266930"} @ https://dep176.gsf.netease.com/hubble-to-countly/1.1.1/js-sdk/assets/countly.min.js:0
[   12928ms] [INFO] [INFO] check_consent, Checking if consent is given for specific feature:[location] @ https://dep176.gsf.netease.com/hubble-to-countly/1.1.1/js-sdk/assets/countly.min.js:0
[   12928ms] [INFO] [INFO] check_consent, require_consent is off, no consent is necessary @ https://dep176.gsf.netease.com/hubble-to-countly/1.1.1/js-sdk/assets/countly.min.js:0
